<?xml version="1.0" encoding="UTF-8"?>
<testsuite name="files.RandomAccessTest" tests="4" skipped="0" failures="0" errors="0" timestamp="2024-01-11T18:40:28" hostname="DESKTOP-V72GTUR" time="7.675">
  <properties/>
  <testcase name="testSortTriBytes" classname="files.RandomAccessTest" time="0.004"/>
  <testcase name="testSortTriBytesExtended" classname="files.RandomAccessTest" time="1.63"/>
  <testcase name="testSortBytesExtended" classname="files.RandomAccessTest" time="6.036"/>
  <testcase name="testSortBytes" classname="files.RandomAccessTest" time="0.004"/>
  <system-out><![CDATA[]]></system-out>
  <system-err><![CDATA[]]></system-err>
</testsuite>
