<?xml version="1.0" encoding="UTF-8"?>
<testsuite name="files.StreamsTest" tests="8" skipped="0" failures="0" errors="0" timestamp="2024-01-11T11:39:21" hostname="DESKTOP-V72GTUR" time="0.058">
  <properties/>
  <testcase name="testReadNumberExtended" classname="files.StreamsTest" time="0.004"/>
  <testcase name="testReadNumber" classname="files.StreamsTest" time="0.0"/>
  <testcase name="testGetQuotedExtended" classname="files.StreamsTest" time="0.014"/>
  <testcase name="testReadUntil" classname="files.StreamsTest" time="0.001"/>
  <testcase name="testFilterOut" classname="files.StreamsTest" time="0.0"/>
  <testcase name="testReadUntilExtended" classname="files.StreamsTest" time="0.028"/>
  <testcase name="testFilterOutExtended" classname="files.StreamsTest" time="0.011"/>
  <testcase name="testGetQuoted" classname="files.StreamsTest" time="0.0"/>
  <system-out><![CDATA[]]></system-out>
  <system-err><![CDATA[]]></system-err>
</testsuite>
